<?xml version="1.0" encoding="UTF-8"?>
<testng-results ignored="0" total="1" passed="1" failed="0" skipped="0">
  <reporter-output>
  </reporter-output>
  <suite started-at="2024-03-28T16:30:43 IST" name="Default suite" finished-at="2024-03-28T16:30:45 IST" duration-ms="2779">
    <groups>
    </groups>
    <test started-at="2024-03-28T16:30:43 IST" name="Default test" finished-at="2024-03-28T16:30:45 IST" duration-ms="2779">
      <class name="databasepracticesession.ReadDataFromCmdPromptTest">
        <test-method signature="readDataFromCmdLine()[pri:0, instance:databasepracticesession.ReadDataFromCmdPromptTest@2f7c2f4f]" started-at="2024-03-28T16:30:43 IST" name="readDataFromCmdLine" finished-at="2024-03-28T16:30:45 IST" duration-ms="2745" status="PASS">
          <reporter-output>
          </reporter-output>
        </test-method> <!-- readDataFromCmdLine -->
      </class> <!-- databasepracticesession.ReadDataFromCmdPromptTest -->
    </test> <!-- Default test -->
  </suite> <!-- Default suite -->
</testng-results>
